\BOOKMARK [0][-]{chapter.1}{\376\377\0001\000\040\000H\000i\000e\000r\000a\000r\000c\000h\000i\000c\000a\000l\000\040\000I\000n\000d\000e\000x}{}% 1
\BOOKMARK [1][-]{section.1.1}{\376\377\0001\000.\0001\000\040\000C\000l\000a\000s\000s\000\040\000H\000i\000e\000r\000a\000r\000c\000h\000y}{chapter.1}% 2
\BOOKMARK [0][-]{chapter.2}{\376\377\0002\000\040\000C\000l\000a\000s\000s\000\040\000I\000n\000d\000e\000x}{}% 3
\BOOKMARK [1][-]{section.2.1}{\376\377\0002\000.\0001\000\040\000C\000l\000a\000s\000s\000\040\000L\000i\000s\000t}{chapter.2}% 4
\BOOKMARK [0][-]{chapter.3}{\376\377\0003\000\040\000F\000i\000l\000e\000\040\000I\000n\000d\000e\000x}{}% 5
\BOOKMARK [1][-]{section.3.1}{\376\377\0003\000.\0001\000\040\000F\000i\000l\000e\000\040\000L\000i\000s\000t}{chapter.3}% 6
\BOOKMARK [0][-]{chapter.4}{\376\377\0004\000\040\000C\000l\000a\000s\000s\000\040\000D\000o\000c\000u\000m\000e\000n\000t\000a\000t\000i\000o\000n}{}% 7
\BOOKMARK [1][-]{section.4.1}{\376\377\0004\000.\0001\000\040\000C\000o\000d\000e\000S\000e\000g\000m\000e\000n\000t\000D\000e\000s\000c\000r\000i\000b\000e\000r\000\040\000S\000t\000r\000u\000c\000t\000\040\000R\000e\000f\000e\000r\000e\000n\000c\000e}{chapter.4}% 8
\BOOKMARK [2][-]{subsection.4.1.1}{\376\377\0004\000.\0001\000.\0001\000\040\000D\000e\000t\000a\000i\000l\000e\000d\000\040\000D\000e\000s\000c\000r\000i\000p\000t\000i\000o\000n}{section.4.1}% 9
\BOOKMARK [1][-]{section.4.2}{\376\377\0004\000.\0002\000\040\000C\000o\000n\000f\000i\000g\000u\000r\000a\000t\000o\000r\000\040\000C\000l\000a\000s\000s\000\040\000R\000e\000f\000e\000r\000e\000n\000c\000e}{chapter.4}% 10
\BOOKMARK [2][-]{subsection.4.2.1}{\376\377\0004\000.\0002\000.\0001\000\040\000D\000e\000t\000a\000i\000l\000e\000d\000\040\000D\000e\000s\000c\000r\000i\000p\000t\000i\000o\000n}{section.4.2}% 11
\BOOKMARK [2][-]{subsection.4.2.2}{\376\377\0004\000.\0002\000.\0002\000\040\000M\000e\000m\000b\000e\000r\000\040\000F\000u\000n\000c\000t\000i\000o\000n\000\040\000D\000o\000c\000u\000m\000e\000n\000t\000a\000t\000i\000o\000n}{section.4.2}% 12
\BOOKMARK [3][-]{subsubsection.4.2.2.1}{\376\377\0004\000.\0002\000.\0002\000.\0001\000\040\000c\000o\000n\000f\000i\000g\000\050\000\051\000\040\000[\0001\000/\0002\000]}{subsection.4.2.2}% 13
\BOOKMARK [3][-]{subsubsection.4.2.2.2}{\376\377\0004\000.\0002\000.\0002\000.\0002\000\040\000c\000o\000n\000f\000i\000g\000\050\000\051\000\040\000[\0002\000/\0002\000]}{subsection.4.2.2}% 14
\BOOKMARK [3][-]{subsubsection.4.2.2.3}{\376\377\0004\000.\0002\000.\0002\000.\0003\000\040\000d\000e\000b\000u\000g\000M\000o\000d\000e\000E\000n\000a\000b\000l\000e\000d\000\050\000\051}{subsection.4.2.2}% 15
\BOOKMARK [3][-]{subsubsection.4.2.2.4}{\376\377\0004\000.\0002\000.\0002\000.\0004\000\040\000g\000e\000t\000\137\000m\000o\000d\000u\000l\000e\000s\000\137\000i\000n\000f\000o\000\050\000\051}{subsection.4.2.2}% 16
\BOOKMARK [3][-]{subsubsection.4.2.2.5}{\376\377\0004\000.\0002\000.\0002\000.\0005\000\040\000g\000e\000t\000\137\000m\000o\000d\000u\000l\000e\000s\000\137\000n\000a\000m\000e\000s\000\050\000\051}{subsection.4.2.2}% 17
\BOOKMARK [3][-]{subsubsection.4.2.2.6}{\376\377\0004\000.\0002\000.\0002\000.\0006\000\040\000g\000e\000t\000F\000u\000z\000z\000C\000o\000n\000f\000i\000g\000\050\000\051}{subsection.4.2.2}% 18
\BOOKMARK [3][-]{subsubsection.4.2.2.7}{\376\377\0004\000.\0002\000.\0002\000.\0007\000\040\000g\000e\000t\000F\000u\000z\000z\000i\000n\000g\000C\000o\000r\000p\000u\000s\000P\000a\000t\000h\000\050\000\051}{subsection.4.2.2}% 19
\BOOKMARK [3][-]{subsubsection.4.2.2.8}{\376\377\0004\000.\0002\000.\0002\000.\0008\000\040\000g\000e\000t\000I\000n\000s\000p\000e\000c\000t\000i\000o\000n\000F\000u\000n\000c\000t\000i\000o\000n\000s\000\050\000\051}{subsection.4.2.2}% 20
\BOOKMARK [3][-]{subsubsection.4.2.2.9}{\376\377\0004\000.\0002\000.\0002\000.\0009\000\040\000g\000e\000t\000I\000n\000s\000p\000e\000c\000t\000O\000p\000c\000o\000d\000e\000s\000\050\000\051}{subsection.4.2.2}% 21
\BOOKMARK [3][-]{subsubsection.4.2.2.10}{\376\377\0004\000.\0002\000.\0002\000.\0001\0000\000\040\000g\000e\000t\000L\000o\000g\000F\000u\000z\000z\000i\000n\000g\000P\000a\000t\000h\000\050\000\051}{subsection.4.2.2}% 22
\BOOKMARK [3][-]{subsubsection.4.2.2.11}{\376\377\0004\000.\0002\000.\0002\000.\0001\0001\000\040\000g\000e\000t\000L\000o\000g\000S\000y\000m\000b\000o\000l\000s\000P\000a\000t\000h\000\050\000\051}{subsection.4.2.2}% 23
\BOOKMARK [3][-]{subsubsection.4.2.2.12}{\376\377\0004\000.\0002\000.\0002\000.\0001\0002\000\040\000g\000e\000t\000T\000r\000a\000c\000e\000r\000C\000o\000n\000f\000i\000g\000\050\000\051}{subsection.4.2.2}% 24
\BOOKMARK [3][-]{subsubsection.4.2.2.13}{\376\377\0004\000.\0002\000.\0002\000.\0001\0003\000\040\000l\000o\000a\000d\000\137\000c\000o\000n\000f\000i\000g\000\050\000\051}{subsection.4.2.2}% 25
\BOOKMARK [3][-]{subsubsection.4.2.2.14}{\376\377\0004\000.\0002\000.\0002\000.\0001\0004\000\040\000l\000o\000g\000F\000u\000z\000z\000i\000n\000g\000E\000n\000a\000b\000l\000e\000d\000\050\000\051}{subsection.4.2.2}% 26
\BOOKMARK [3][-]{subsubsection.4.2.2.15}{\376\377\0004\000.\0002\000.\0002\000.\0001\0005\000\040\000l\000o\000g\000S\000y\000m\000b\000o\000l\000s\000E\000n\000a\000b\000l\000e\000d\000\050\000\051}{subsection.4.2.2}% 27
\BOOKMARK [3][-]{subsubsection.4.2.2.16}{\376\377\0004\000.\0002\000.\0002\000.\0001\0006\000\040\000u\000s\000e\000\137\000d\000e\000f\000a\000u\000l\000t\000\137\000b\000o\000u\000n\000d\000s\000\050\000\051}{subsection.4.2.2}% 28
\BOOKMARK [1][-]{section.4.3}{\376\377\0004\000.\0003\000\040\000F\000u\000n\000c\000C\000o\000n\000f\000i\000g\000\040\000S\000t\000r\000u\000c\000t\000\040\000R\000e\000f\000e\000r\000e\000n\000c\000e}{chapter.4}% 29
\BOOKMARK [2][-]{subsection.4.3.1}{\376\377\0004\000.\0003\000.\0001\000\040\000D\000e\000t\000a\000i\000l\000e\000d\000\040\000D\000e\000s\000c\000r\000i\000p\000t\000i\000o\000n}{section.4.3}% 30
\BOOKMARK [1][-]{section.4.4}{\376\377\0004\000.\0004\000\040\000G\000u\000a\000r\000d\000e\000r\000\040\000C\000l\000a\000s\000s\000\040\000R\000e\000f\000e\000r\000e\000n\000c\000e}{chapter.4}% 31
\BOOKMARK [2][-]{subsection.4.4.1}{\376\377\0004\000.\0004\000.\0001\000\040\000D\000e\000t\000a\000i\000l\000e\000d\000\040\000D\000e\000s\000c\000r\000i\000p\000t\000i\000o\000n}{section.4.4}% 32
\BOOKMARK [2][-]{subsection.4.4.2}{\376\377\0004\000.\0004\000.\0002\000\040\000M\000e\000m\000b\000e\000r\000\040\000F\000u\000n\000c\000t\000i\000o\000n\000\040\000D\000o\000c\000u\000m\000e\000n\000t\000a\000t\000i\000o\000n}{section.4.4}% 33
\BOOKMARK [3][-]{subsubsection.4.4.2.1}{\376\377\0004\000.\0004\000.\0002\000.\0001\000\040\000g\000u\000a\000r\000d\000s\000\137\000o\000p\000e\000n\000e\000d\000\050\000\051}{subsection.4.4.2}% 34
\BOOKMARK [3][-]{subsubsection.4.4.2.2}{\376\377\0004\000.\0004\000.\0002\000.\0002\000\040\000s\000e\000t\000\137\000g\000l\000o\000b\000a\000l\000\137\000g\000u\000a\000r\000d\000s\000\050\000\051}{subsection.4.4.2}% 35
\BOOKMARK [3][-]{subsubsection.4.4.2.3}{\376\377\0004\000.\0004\000.\0002\000.\0003\000\040\000t\000h\000r\000o\000w\000\137\000i\000n\000s\000t\000r\000\050\000\051}{subsection.4.4.2}% 36
\BOOKMARK [1][-]{section.4.5}{\376\377\0004\000.\0005\000\040\000L\000o\000g\000g\000e\000r\000\040\000C\000l\000a\000s\000s\000\040\000R\000e\000f\000e\000r\000e\000n\000c\000e}{chapter.4}% 37
\BOOKMARK [2][-]{subsection.4.5.1}{\376\377\0004\000.\0005\000.\0001\000\040\000D\000e\000t\000a\000i\000l\000e\000d\000\040\000D\000e\000s\000c\000r\000i\000p\000t\000i\000o\000n}{section.4.5}% 38
\BOOKMARK [2][-]{subsection.4.5.2}{\376\377\0004\000.\0005\000.\0002\000\040\000M\000e\000m\000b\000e\000r\000\040\000F\000u\000n\000c\000t\000i\000o\000n\000\040\000D\000o\000c\000u\000m\000e\000n\000t\000a\000t\000i\000o\000n}{section.4.5}% 39
\BOOKMARK [3][-]{subsubsection.4.5.2.1}{\376\377\0004\000.\0005\000.\0002\000.\0001\000\040\000l\000o\000g\000\050\000\051}{subsection.4.5.2}% 40
\BOOKMARK [3][-]{subsubsection.4.5.2.2}{\376\377\0004\000.\0005\000.\0002\000.\0002\000\040\000l\000o\000g\000\137\000p\000r\000o\000g\000r\000a\000m\000\137\000p\000a\000r\000a\000m\000s\000\050\000\051}{subsection.4.5.2}% 41
\BOOKMARK [3][-]{subsubsection.4.5.2.3}{\376\377\0004\000.\0005\000.\0002\000.\0003\000\040\000s\000e\000t\000\137\000l\000o\000g\000\137\000f\000i\000l\000e\000\050\000\051}{subsection.4.5.2}% 42
\BOOKMARK [3][-]{subsubsection.4.5.2.4}{\376\377\0004\000.\0005\000.\0002\000.\0004\000\040\000s\000t\000a\000r\000t\000\137\000l\000o\000g\000g\000i\000n\000g\000\050\000\051}{subsection.4.5.2}% 43
\BOOKMARK [1][-]{section.4.6}{\376\377\0004\000.\0006\000\040\000M\000o\000d\000u\000l\000e\000I\000n\000f\000o\000\040\000S\000t\000r\000u\000c\000t\000\040\000R\000e\000f\000e\000r\000e\000n\000c\000e}{chapter.4}% 44
\BOOKMARK [2][-]{subsection.4.6.1}{\376\377\0004\000.\0006\000.\0001\000\040\000D\000e\000t\000a\000i\000l\000e\000d\000\040\000D\000e\000s\000c\000r\000i\000p\000t\000i\000o\000n}{section.4.6}% 45
\BOOKMARK [1][-]{section.4.7}{\376\377\0004\000.\0007\000\040\000O\000p\000t\000i\000o\000n\000<\000\040\000T\000\040\000>\000\040\000C\000l\000a\000s\000s\000\040\000T\000e\000m\000p\000l\000a\000t\000e\000\040\000R\000e\000f\000e\000r\000e\000n\000c\000e}{chapter.4}% 46
\BOOKMARK [2][-]{subsection.4.7.1}{\376\377\0004\000.\0007\000.\0001\000\040\000M\000e\000m\000b\000e\000r\000\040\000F\000u\000n\000c\000t\000i\000o\000n\000\040\000D\000o\000c\000u\000m\000e\000n\000t\000a\000t\000i\000o\000n}{section.4.7}% 47
\BOOKMARK [3][-]{subsubsection.4.7.1.1}{\376\377\0004\000.\0007\000.\0001\000.\0001\000\040\000c\000l\000a\000m\000p\000\137\000v\000a\000l\000u\000e\000\050\000\051}{subsection.4.7.1}% 48
\BOOKMARK [3][-]{subsubsection.4.7.1.2}{\376\377\0004\000.\0007\000.\0001\000.\0002\000\040\000c\000l\000e\000a\000r\000\137\000v\000a\000l\000u\000e\000\050\000\051}{subsection.4.7.1}% 49
\BOOKMARK [3][-]{subsubsection.4.7.1.3}{\376\377\0004\000.\0007\000.\0001\000.\0003\000\040\000c\000o\000n\000v\000e\000r\000t\000\137\000f\000r\000o\000m\000\137\000s\000t\000r\000i\000n\000g\000\050\000\051\000\040\000[\0001\000/\0009\000]}{subsection.4.7.1}% 50
\BOOKMARK [3][-]{subsubsection.4.7.1.4}{\376\377\0004\000.\0007\000.\0001\000.\0004\000\040\000c\000o\000n\000v\000e\000r\000t\000\137\000f\000r\000o\000m\000\137\000s\000t\000r\000i\000n\000g\000\050\000\051\000\040\000[\0002\000/\0009\000]}{subsection.4.7.1}% 51
\BOOKMARK [3][-]{subsubsection.4.7.1.5}{\376\377\0004\000.\0007\000.\0001\000.\0005\000\040\000c\000o\000n\000v\000e\000r\000t\000\137\000f\000r\000o\000m\000\137\000s\000t\000r\000i\000n\000g\000\050\000\051\000\040\000[\0003\000/\0009\000]}{subsection.4.7.1}% 52
\BOOKMARK [3][-]{subsubsection.4.7.1.6}{\376\377\0004\000.\0007\000.\0001\000.\0006\000\040\000c\000o\000n\000v\000e\000r\000t\000\137\000f\000r\000o\000m\000\137\000s\000t\000r\000i\000n\000g\000\050\000\051\000\040\000[\0004\000/\0009\000]}{subsection.4.7.1}% 53
\BOOKMARK [3][-]{subsubsection.4.7.1.7}{\376\377\0004\000.\0007\000.\0001\000.\0007\000\040\000c\000o\000n\000v\000e\000r\000t\000\137\000f\000r\000o\000m\000\137\000s\000t\000r\000i\000n\000g\000\050\000\051\000\040\000[\0005\000/\0009\000]}{subsection.4.7.1}% 54
\BOOKMARK [3][-]{subsubsection.4.7.1.8}{\376\377\0004\000.\0007\000.\0001\000.\0008\000\040\000c\000o\000n\000v\000e\000r\000t\000\137\000f\000r\000o\000m\000\137\000s\000t\000r\000i\000n\000g\000\050\000\051\000\040\000[\0006\000/\0009\000]}{subsection.4.7.1}% 55
\BOOKMARK [3][-]{subsubsection.4.7.1.9}{\376\377\0004\000.\0007\000.\0001\000.\0009\000\040\000c\000o\000n\000v\000e\000r\000t\000\137\000f\000r\000o\000m\000\137\000s\000t\000r\000i\000n\000g\000\050\000\051\000\040\000[\0007\000/\0009\000]}{subsection.4.7.1}% 56
\BOOKMARK [3][-]{subsubsection.4.7.1.10}{\376\377\0004\000.\0007\000.\0001\000.\0001\0000\000\040\000c\000o\000n\000v\000e\000r\000t\000\137\000f\000r\000o\000m\000\137\000s\000t\000r\000i\000n\000g\000\050\000\051\000\040\000[\0008\000/\0009\000]}{subsection.4.7.1}% 57
\BOOKMARK [3][-]{subsubsection.4.7.1.11}{\376\377\0004\000.\0007\000.\0001\000.\0001\0001\000\040\000c\000o\000n\000v\000e\000r\000t\000\137\000f\000r\000o\000m\000\137\000s\000t\000r\000i\000n\000g\000\050\000\051\000\040\000[\0009\000/\0009\000]}{subsection.4.7.1}% 58
\BOOKMARK [3][-]{subsubsection.4.7.1.12}{\376\377\0004\000.\0007\000.\0001\000.\0001\0002\000\040\000g\000e\000t\000\137\000v\000a\000l\000u\000e\000\137\000s\000t\000r\000\050\000\051}{subsection.4.7.1}% 59
\BOOKMARK [3][-]{subsubsection.4.7.1.13}{\376\377\0004\000.\0007\000.\0001\000.\0001\0003\000\040\000o\000p\000t\000i\000o\000n\000\137\000t\000a\000k\000e\000s\000\137\000a\000r\000g\000\050\000\051\000\040\000[\0001\000/\0002\000]}{subsection.4.7.1}% 60
\BOOKMARK [3][-]{subsubsection.4.7.1.14}{\376\377\0004\000.\0007\000.\0001\000.\0001\0004\000\040\000o\000p\000t\000i\000o\000n\000\137\000t\000a\000k\000e\000s\000\137\000a\000r\000g\000\050\000\051\000\040\000[\0002\000/\0002\000]}{subsection.4.7.1}% 61
\BOOKMARK [1][-]{section.4.8}{\376\377\0004\000.\0008\000\040\000P\000a\000r\000s\000e\000r\000\040\000C\000l\000a\000s\000s\000\040\000R\000e\000f\000e\000r\000e\000n\000c\000e}{chapter.4}% 62
\BOOKMARK [1][-]{section.4.9}{\376\377\0004\000.\0009\000\040\000s\000y\000m\000\137\000i\000n\000f\000o\000\137\000t\000\040\000S\000t\000r\000u\000c\000t\000\040\000R\000e\000f\000e\000r\000e\000n\000c\000e}{chapter.4}% 63
\BOOKMARK [2][-]{subsection.4.9.1}{\376\377\0004\000.\0009\000.\0001\000\040\000D\000e\000t\000a\000i\000l\000e\000d\000\040\000D\000e\000s\000c\000r\000i\000p\000t\000i\000o\000n}{section.4.9}% 64
\BOOKMARK [1][-]{section.4.10}{\376\377\0004\000.\0001\0000\000\040\000t\000h\000r\000e\000a\000d\000\137\000d\000a\000t\000a\000\040\000S\000t\000r\000u\000c\000t\000\040\000R\000e\000f\000e\000r\000e\000n\000c\000e}{chapter.4}% 65
\BOOKMARK [2][-]{subsection.4.10.1}{\376\377\0004\000.\0001\0000\000.\0001\000\040\000D\000e\000t\000a\000i\000l\000e\000d\000\040\000D\000e\000s\000c\000r\000i\000p\000t\000i\000o\000n}{section.4.10}% 66
\BOOKMARK [1][-]{section.4.11}{\376\377\0004\000.\0001\0001\000\040\000T\000r\000a\000c\000e\000A\000r\000e\000a\000\040\000S\000t\000r\000u\000c\000t\000\040\000R\000e\000f\000e\000r\000e\000n\000c\000e}{chapter.4}% 67
\BOOKMARK [2][-]{subsection.4.11.1}{\376\377\0004\000.\0001\0001\000.\0001\000\040\000D\000e\000t\000a\000i\000l\000e\000d\000\040\000D\000e\000s\000c\000r\000i\000p\000t\000i\000o\000n}{section.4.11}% 68
\BOOKMARK [1][-]{section.4.12}{\376\377\0004\000.\0001\0002\000\040\000T\000r\000a\000c\000e\000r\000\040\000C\000l\000a\000s\000s\000\040\000R\000e\000f\000e\000r\000e\000n\000c\000e}{chapter.4}% 69
\BOOKMARK [2][-]{subsection.4.12.1}{\376\377\0004\000.\0001\0002\000.\0001\000\040\000D\000e\000t\000a\000i\000l\000e\000d\000\040\000D\000e\000s\000c\000r\000i\000p\000t\000i\000o\000n}{section.4.12}% 70
\BOOKMARK [2][-]{subsection.4.12.2}{\376\377\0004\000.\0001\0002\000.\0002\000\040\000M\000e\000m\000b\000e\000r\000\040\000F\000u\000n\000c\000t\000i\000o\000n\000\040\000D\000o\000c\000u\000m\000e\000n\000t\000a\000t\000i\000o\000n}{section.4.12}% 71
\BOOKMARK [3][-]{subsubsection.4.12.2.1}{\376\377\0004\000.\0001\0002\000.\0002\000.\0001\000\040\000t\000r\000a\000c\000e\000O\000v\000e\000r\000f\000l\000o\000w\000\050\000\051}{subsection.4.12.2}% 72
\BOOKMARK [1][-]{section.4.13}{\376\377\0004\000.\0001\0003\000\040\000U\000n\000i\000t\000y\000p\000e\000O\000p\000t\000i\000o\000n\000\040\000C\000l\000a\000s\000s\000\040\000R\000e\000f\000e\000r\000e\000n\000c\000e}{chapter.4}% 73
\BOOKMARK [0][-]{chapter.5}{\376\377\0005\000\040\000F\000i\000l\000e\000\040\000D\000o\000c\000u\000m\000e\000n\000t\000a\000t\000i\000o\000n}{}% 74
\BOOKMARK [1][-]{section.5.1}{\376\377\0005\000.\0001\000\040\000/\000h\000o\000m\000e\000/\000d\000e\000b\000i\000a\000n\000/\000S\000k\000i\000p\000p\000e\000r\000/\000s\000r\000c\000/\000c\000l\000i\000e\000n\000t\000.\000c\000p\000p\000\040\000F\000i\000l\000e\000\040\000R\000e\000f\000e\000r\000e\000n\000c\000e}{chapter.5}% 75
\BOOKMARK [2][-]{subsection.5.1.1}{\376\377\0005\000.\0001\000.\0001\000\040\000F\000u\000n\000c\000t\000i\000o\000n\000\040\000D\000o\000c\000u\000m\000e\000n\000t\000a\000t\000i\000o\000n}{section.5.1}% 76
\BOOKMARK [3][-]{subsubsection.5.1.1.1}{\376\377\0005\000.\0001\000.\0001\000.\0001\000\040\000a\000d\000d\000r\000e\000s\000s\000\137\000i\000n\000\137\000c\000o\000d\000e\000\137\000s\000e\000g\000m\000e\000n\000t\000\050\000\051}{subsection.5.1.1}% 77
\BOOKMARK [3][-]{subsubsection.5.1.1.2}{\376\377\0005\000.\0001\000.\0001\000.\0002\000\040\000d\000r\000\137\000c\000l\000i\000e\000n\000t\000\137\000m\000a\000i\000n\000\050\000\051}{subsection.5.1.1}% 78
\BOOKMARK [1][-]{section.5.2}{\376\377\0005\000.\0002\000\040\000/\000h\000o\000m\000e\000/\000d\000e\000b\000i\000a\000n\000/\000S\000k\000i\000p\000p\000e\000r\000/\000s\000r\000c\000/\000i\000n\000c\000l\000u\000d\000e\000/\000c\000l\000a\000s\000s\000e\000s\000/\000C\000o\000n\000f\000i\000g\000.\000h\000\040\000F\000i\000l\000e\000\040\000R\000e\000f\000e\000r\000e\000n\000c\000e}{chapter.5}% 79
\BOOKMARK [2][-]{subsection.5.2.1}{\376\377\0005\000.\0002\000.\0001\000\040\000D\000e\000t\000a\000i\000l\000e\000d\000\040\000D\000e\000s\000c\000r\000i\000p\000t\000i\000o\000n}{section.5.2}% 80
\BOOKMARK [1][-]{section.5.3}{\376\377\0005\000.\0003\000\040\000C\000o\000n\000f\000i\000g\000.\000h}{chapter.5}% 81
\BOOKMARK [1][-]{section.5.4}{\376\377\0005\000.\0004\000\040\000/\000h\000o\000m\000e\000/\000d\000e\000b\000i\000a\000n\000/\000S\000k\000i\000p\000p\000e\000r\000/\000s\000r\000c\000/\000i\000n\000c\000l\000u\000d\000e\000/\000c\000l\000a\000s\000s\000e\000s\000/\000G\000u\000a\000r\000d\000e\000r\000.\000h\000\040\000F\000i\000l\000e\000\040\000R\000e\000f\000e\000r\000e\000n\000c\000e}{chapter.5}% 82
\BOOKMARK [2][-]{subsection.5.4.1}{\376\377\0005\000.\0004\000.\0001\000\040\000D\000e\000t\000a\000i\000l\000e\000d\000\040\000D\000e\000s\000c\000r\000i\000p\000t\000i\000o\000n}{section.5.4}% 83
\BOOKMARK [1][-]{section.5.5}{\376\377\0005\000.\0005\000\040\000G\000u\000a\000r\000d\000e\000r\000.\000h}{chapter.5}% 84
\BOOKMARK [1][-]{section.5.6}{\376\377\0005\000.\0006\000\040\000/\000h\000o\000m\000e\000/\000d\000e\000b\000i\000a\000n\000/\000S\000k\000i\000p\000p\000e\000r\000/\000s\000r\000c\000/\000i\000n\000c\000l\000u\000d\000e\000/\000c\000l\000a\000s\000s\000e\000s\000/\000L\000o\000g\000g\000e\000r\000.\000h\000\040\000F\000i\000l\000e\000\040\000R\000e\000f\000e\000r\000e\000n\000c\000e}{chapter.5}% 85
\BOOKMARK [2][-]{subsection.5.6.1}{\376\377\0005\000.\0006\000.\0001\000\040\000D\000e\000t\000a\000i\000l\000e\000d\000\040\000D\000e\000s\000c\000r\000i\000p\000t\000i\000o\000n}{section.5.6}% 86
\BOOKMARK [1][-]{section.5.7}{\376\377\0005\000.\0007\000\040\000L\000o\000g\000g\000e\000r\000.\000h}{chapter.5}% 87
\BOOKMARK [1][-]{section.5.8}{\376\377\0005\000.\0008\000\040\000/\000h\000o\000m\000e\000/\000d\000e\000b\000i\000a\000n\000/\000S\000k\000i\000p\000p\000e\000r\000/\000s\000r\000c\000/\000i\000n\000c\000l\000u\000d\000e\000/\000c\000l\000a\000s\000s\000e\000s\000/\000O\000p\000t\000i\000o\000n\000s\000.\000h\000\040\000F\000i\000l\000e\000\040\000R\000e\000f\000e\000r\000e\000n\000c\000e}{chapter.5}% 88
\BOOKMARK [2][-]{subsection.5.8.1}{\376\377\0005\000.\0008\000.\0001\000\040\000D\000e\000t\000a\000i\000l\000e\000d\000\040\000D\000e\000s\000c\000r\000i\000p\000t\000i\000o\000n}{section.5.8}% 89
\BOOKMARK [1][-]{section.5.9}{\376\377\0005\000.\0009\000\040\000O\000p\000t\000i\000o\000n\000s\000.\000h}{chapter.5}% 90
\BOOKMARK [1][-]{section.5.10}{\376\377\0005\000.\0001\0000\000\040\000/\000h\000o\000m\000e\000/\000d\000e\000b\000i\000a\000n\000/\000S\000k\000i\000p\000p\000e\000r\000/\000s\000r\000c\000/\000i\000n\000c\000l\000u\000d\000e\000/\000c\000l\000a\000s\000s\000e\000s\000/\000T\000r\000a\000c\000e\000r\000.\000h\000\040\000F\000i\000l\000e\000\040\000R\000e\000f\000e\000r\000e\000n\000c\000e}{chapter.5}% 91
\BOOKMARK [2][-]{subsection.5.10.1}{\376\377\0005\000.\0001\0000\000.\0001\000\040\000D\000e\000t\000a\000i\000l\000e\000d\000\040\000D\000e\000s\000c\000r\000i\000p\000t\000i\000o\000n}{section.5.10}% 92
\BOOKMARK [2][-]{subsection.5.10.2}{\376\377\0005\000.\0001\0000\000.\0002\000\040\000F\000u\000n\000c\000t\000i\000o\000n\000\040\000D\000o\000c\000u\000m\000e\000n\000t\000a\000t\000i\000o\000n}{section.5.10}% 93
\BOOKMARK [3][-]{subsubsection.5.10.2.1}{\376\377\0005\000.\0001\0000\000.\0002\000.\0001\000\040\000i\000n\000s\000e\000r\000t\000\137\000t\000r\000a\000c\000i\000n\000g\000\050\000\051}{subsection.5.10.2}% 94
\BOOKMARK [3][-]{subsubsection.5.10.2.2}{\376\377\0005\000.\0001\0000\000.\0002\000.\0002\000\040\000t\000r\000a\000c\000e\000\137\000o\000v\000e\000r\000f\000l\000o\000w\000\050\000\051}{subsection.5.10.2}% 95
\BOOKMARK [1][-]{section.5.11}{\376\377\0005\000.\0001\0001\000\040\000T\000r\000a\000c\000e\000r\000.\000h}{chapter.5}% 96
\BOOKMARK [1][-]{section.5.12}{\376\377\0005\000.\0001\0002\000\040\000/\000h\000o\000m\000e\000/\000d\000e\000b\000i\000a\000n\000/\000S\000k\000i\000p\000p\000e\000r\000/\000s\000r\000c\000/\000i\000n\000c\000l\000u\000d\000e\000/\000d\000e\000b\000u\000g\000.\000h\000\040\000F\000i\000l\000e\000\040\000R\000e\000f\000e\000r\000e\000n\000c\000e}{chapter.5}% 97
\BOOKMARK [2][-]{subsection.5.12.1}{\376\377\0005\000.\0001\0002\000.\0001\000\040\000D\000e\000t\000a\000i\000l\000e\000d\000\040\000D\000e\000s\000c\000r\000i\000p\000t\000i\000o\000n}{section.5.12}% 98
\BOOKMARK [2][-]{subsection.5.12.2}{\376\377\0005\000.\0001\0002\000.\0002\000\040\000F\000u\000n\000c\000t\000i\000o\000n\000\040\000D\000o\000c\000u\000m\000e\000n\000t\000a\000t\000i\000o\000n}{section.5.12}% 99
\BOOKMARK [3][-]{subsubsection.5.12.2.1}{\376\377\0005\000.\0001\0002\000.\0002\000.\0001\000\040\000p\000r\000i\000n\000t\000\137\000m\000o\000d\000u\000l\000e\000\137\000d\000a\000t\000a\000\050\000\051}{subsection.5.12.2}% 100
\BOOKMARK [1][-]{section.5.13}{\376\377\0005\000.\0001\0003\000\040\000d\000e\000b\000u\000g\000.\000h}{chapter.5}% 101
\BOOKMARK [1][-]{section.5.14}{\376\377\0005\000.\0001\0004\000\040\000/\000h\000o\000m\000e\000/\000d\000e\000b\000i\000a\000n\000/\000S\000k\000i\000p\000p\000e\000r\000/\000s\000r\000c\000/\000i\000n\000c\000l\000u\000d\000e\000/\000f\000u\000n\000c\000\137\000b\000o\000u\000n\000d\000s\000.\000h\000\040\000F\000i\000l\000e\000\040\000R\000e\000f\000e\000r\000e\000n\000c\000e}{chapter.5}% 102
\BOOKMARK [2][-]{subsection.5.14.1}{\376\377\0005\000.\0001\0004\000.\0001\000\040\000D\000e\000t\000a\000i\000l\000e\000d\000\040\000D\000e\000s\000c\000r\000i\000p\000t\000i\000o\000n}{section.5.14}% 103
\BOOKMARK [2][-]{subsection.5.14.2}{\376\377\0005\000.\0001\0004\000.\0002\000\040\000F\000u\000n\000c\000t\000i\000o\000n\000\040\000D\000o\000c\000u\000m\000e\000n\000t\000a\000t\000i\000o\000n}{section.5.14}% 104
\BOOKMARK [3][-]{subsubsection.5.14.2.1}{\376\377\0005\000.\0001\0004\000.\0002\000.\0001\000\040\000g\000e\000t\000\137\000f\000u\000n\000c\000\137\000b\000o\000u\000n\000d\000s\000\050\000\051}{subsection.5.14.2}% 105
\BOOKMARK [1][-]{section.5.15}{\376\377\0005\000.\0001\0005\000\040\000f\000u\000n\000c\000\137\000b\000o\000u\000n\000d\000s\000.\000h}{chapter.5}% 106
\BOOKMARK [1][-]{section.5.16}{\376\377\0005\000.\0001\0006\000\040\000/\000h\000o\000m\000e\000/\000d\000e\000b\000i\000a\000n\000/\000S\000k\000i\000p\000p\000e\000r\000/\000s\000r\000c\000/\000i\000n\000c\000l\000u\000d\000e\000/\000f\000u\000n\000c\000s\000.\000h\000\040\000F\000i\000l\000e\000\040\000R\000e\000f\000e\000r\000e\000n\000c\000e}{chapter.5}% 107
\BOOKMARK [2][-]{subsection.5.16.1}{\376\377\0005\000.\0001\0006\000.\0001\000\040\000F\000u\000n\000c\000t\000i\000o\000n\000\040\000D\000o\000c\000u\000m\000e\000n\000t\000a\000t\000i\000o\000n}{section.5.16}% 108
\BOOKMARK [3][-]{subsubsection.5.16.1.1}{\376\377\0005\000.\0001\0006\000.\0001\000.\0001\000\040\000g\000e\000t\000\137\000a\000l\000l\000\137\000m\000o\000d\000u\000l\000e\000s\000\050\000\051}{subsection.5.16.1}% 109
\BOOKMARK [3][-]{subsubsection.5.16.1.2}{\376\377\0005\000.\0001\0006\000.\0001\000.\0002\000\040\000g\000e\000t\000\137\000m\000o\000d\000u\000l\000e\000s\000\137\000n\000a\000m\000e\000s\000\050\000\051}{subsection.5.16.1}% 110
\BOOKMARK [3][-]{subsubsection.5.16.1.3}{\376\377\0005\000.\0001\0006\000.\0001\000.\0003\000\040\000g\000e\000t\000\137\000s\000y\000m\000b\000o\000l\000\137\000o\000f\000f\000s\000e\000t\000\050\000\051}{subsection.5.16.1}% 111
\BOOKMARK [3][-]{subsubsection.5.16.1.4}{\376\377\0005\000.\0001\0006\000.\0001\000.\0004\000\040\000g\000e\000t\000\137\000t\000h\000r\000e\000a\000d\000\137\000i\000d\000\050\000\051}{subsection.5.16.1}% 112
\BOOKMARK [3][-]{subsubsection.5.16.1.5}{\376\377\0005\000.\0001\0006\000.\0001\000.\0005\000\040\000i\000n\000t\000\137\000t\000o\000\137\000h\000e\000x\000\050\000\051}{subsection.5.16.1}% 113
\BOOKMARK [1][-]{section.5.17}{\376\377\0005\000.\0001\0007\000\040\000f\000u\000n\000c\000s\000.\000h}{chapter.5}% 114
\BOOKMARK [1][-]{section.5.18}{\376\377\0005\000.\0001\0008\000\040\000/\000h\000o\000m\000e\000/\000d\000e\000b\000i\000a\000n\000/\000S\000k\000i\000p\000p\000e\000r\000/\000s\000r\000c\000/\000i\000n\000c\000l\000u\000d\000e\000/\000g\000e\000t\000\137\000a\000l\000l\000\137\000s\000y\000m\000b\000o\000l\000s\000.\000h\000\040\000F\000i\000l\000e\000\040\000R\000e\000f\000e\000r\000e\000n\000c\000e}{chapter.5}% 115
\BOOKMARK [2][-]{subsection.5.18.1}{\376\377\0005\000.\0001\0008\000.\0001\000\040\000D\000e\000t\000a\000i\000l\000e\000d\000\040\000D\000e\000s\000c\000r\000i\000p\000t\000i\000o\000n}{section.5.18}% 116
\BOOKMARK [2][-]{subsection.5.18.2}{\376\377\0005\000.\0001\0008\000.\0002\000\040\000F\000u\000n\000c\000t\000i\000o\000n\000\040\000D\000o\000c\000u\000m\000e\000n\000t\000a\000t\000i\000o\000n}{section.5.18}% 117
\BOOKMARK [3][-]{subsubsection.5.18.2.1}{\376\377\0005\000.\0001\0008\000.\0002\000.\0001\000\040\000g\000e\000t\000\137\000a\000l\000l\000\137\000s\000y\000m\000b\000o\000l\000s\000\137\000w\000i\000t\000h\000\137\000o\000f\000f\000s\000e\000t\000s\000\050\000\051}{subsection.5.18.2}% 118
\BOOKMARK [3][-]{subsubsection.5.18.2.2}{\376\377\0005\000.\0001\0008\000.\0002\000.\0002\000\040\000g\000e\000t\000\137\000a\000l\000l\000\137\000s\000y\000m\000b\000o\000l\000s\000\137\000w\000i\000t\000h\000\137\000o\000f\000f\000s\000e\000t\000s\000\137\000c\000a\000l\000l\000b\000a\000c\000k\000\050\000\051}{subsection.5.18.2}% 119
\BOOKMARK [1][-]{section.5.19}{\376\377\0005\000.\0001\0009\000\040\000g\000e\000t\000\137\000a\000l\000l\000\137\000s\000y\000m\000b\000o\000l\000s\000.\000h}{chapter.5}% 120
\BOOKMARK [1][-]{section.5.20}{\376\377\0005\000.\0002\0000\000\040\000/\000h\000o\000m\000e\000/\000d\000e\000b\000i\000a\000n\000/\000S\000k\000i\000p\000p\000e\000r\000/\000s\000r\000c\000/\000i\000n\000c\000l\000u\000d\000e\000/\000t\000y\000p\000e\000s\000.\000h\000\040\000F\000i\000l\000e\000\040\000R\000e\000f\000e\000r\000e\000n\000c\000e}{chapter.5}% 121
\BOOKMARK [1][-]{section.5.21}{\376\377\0005\000.\0002\0001\000\040\000t\000y\000p\000e\000s\000.\000h}{chapter.5}% 122
\BOOKMARK [1][-]{section.5.22}{\376\377\0005\000.\0002\0002\000\040\000/\000h\000o\000m\000e\000/\000d\000e\000b\000i\000a\000n\000/\000S\000k\000i\000p\000p\000e\000r\000/\000s\000r\000c\000/\000l\000o\000g\000g\000e\000r\000s\000.\000h\000\040\000F\000i\000l\000e\000\040\000R\000e\000f\000e\000r\000e\000n\000c\000e}{chapter.5}% 123
\BOOKMARK [1][-]{section.5.23}{\376\377\0005\000.\0002\0003\000\040\000l\000o\000g\000g\000e\000r\000s\000.\000h}{chapter.5}% 124
\BOOKMARK [0][-]{section*.61}{\376\377\000I\000n\000d\000e\000x}{}% 125
